\BOOKMARK [0][]{titlepage.0}{\376\377\134\001\227\142}{}% 1
\BOOKMARK [0][]{entitlepage.0}{\376\377\000T\000i\000t\000l\000e\000\040\000p\000a\000g\000e}{}% 2
\BOOKMARK [0][]{statement.0}{\376\377\123\237\122\033\140\047\130\360\146\016}{}% 3
\BOOKMARK [0][]{ustcchapter.1.0}{\376\377\144\130\211\201}{}% 4
\BOOKMARK [0][]{ustcchapter.2.0}{\376\377\000A\000b\000s\000t\000r\000a\000c\000t}{}% 5
\BOOKMARK [0][]{ustcchapter.3.0}{\376\377\166\356\137\125}{}% 6
\BOOKMARK [0][]{chapter.1}{\376\377\173\054\0001\172\340\000\040\000\040\176\352\213\272}{}% 7
\BOOKMARK [1][-]{section.1.1}{\376\377\0001\000.\0001\000\040\171\136\176\317\177\121\176\334\142\200\147\057\123\321\134\125\123\206\172\013}{chapter.1}% 8
\BOOKMARK [2][-]{subsection.1.1.1}{\376\377\0001\000.\0001\000.\0001\000\040\171\136\176\317\177\121\176\334\152\041\127\213\127\050\126\376\120\317\122\006\174\173\230\206\127\337\166\204\136\224\165\050}{section.1.1}% 9
\BOOKMARK [2][-]{subsection.1.1.2}{\376\377\0001\000.\0001\000.\0002\000\040\171\136\176\317\177\121\176\334\152\041\127\213\127\050\166\356\150\007\150\300\155\113\230\206\127\337\166\204\136\224\165\050}{section.1.1}% 10
\BOOKMARK [2][-]{subsection.1.1.3}{\376\377\0001\000.\0001\000.\0003\000\040\171\136\176\317\177\121\176\334\152\041\127\213\127\050\213\355\227\363\213\306\122\053\230\206\127\337\166\204\136\224\165\050}{section.1.1}% 11
\BOOKMARK [2][-]{subsection.1.1.4}{\376\377\0001\000.\0001\000.\0004\000\040\171\136\176\317\177\121\176\334\152\041\127\213\127\050\201\352\161\066\213\355\212\000\131\004\164\006\230\206\127\337\166\204\136\224\165\050}{section.1.1}% 12
\BOOKMARK [1][-]{section.1.2}{\376\377\0001\000.\0002\000\040\171\136\176\317\177\121\176\334\213\241\173\227\136\163\123\360\123\321\134\125}{chapter.1}% 13
\BOOKMARK [2][-]{subsection.1.2.1}{\376\377\0001\000.\0002\000.\0001\000\040\220\032\165\050\131\004\164\006\126\150\000C\000P\000U\124\214\000G\000P\000U}{section.1.2}% 14
\BOOKMARK [2][-]{subsection.1.2.2}{\376\377\0001\000.\0002\000.\0002\000\040\000F\000P\000G\000A}{section.1.2}% 15
\BOOKMARK [2][-]{subsection.1.2.3}{\376\377\0001\000.\0002\000.\0003\000\040\000A\000S\000I\000C}{section.1.2}% 16
\BOOKMARK [1][-]{section.1.3}{\376\377\0001\000.\0003\000\040\171\136\176\317\177\121\176\334\142\200\147\057\227\142\116\064\166\204\143\021\142\030}{chapter.1}% 17
\BOOKMARK [1][-]{section.1.4}{\376\377\0001\000.\0004\000\040\116\073\211\201\170\024\172\166\121\205\133\271\123\312\215\041\163\056}{chapter.1}% 18
\BOOKMARK [1][-]{section.1.5}{\376\377\0001\000.\0005\000\040\213\272\145\207\166\204\176\304\176\307\176\323\147\204}{chapter.1}% 19
\BOOKMARK [0][]{chapter.2}{\376\377\173\054\0002\172\340\000\040\000\040\171\136\176\317\177\121\176\334\142\200\147\057\173\200\116\313}{}% 20
\BOOKMARK [1][-]{section.2.1}{\376\377\0002\000.\0001\000\040\171\136\176\317\177\121\176\334\152\041\127\213\127\372\170\100}{chapter.2}% 21
\BOOKMARK [2][-]{subsection.2.1.1}{\376\377\0002\000.\0001\000.\0001\000\040\121\150\217\336\143\245\134\102}{section.2.1}% 22
\BOOKMARK [2][-]{subsection.2.1.2}{\376\377\0002\000.\0001\000.\0002\000\040\123\167\171\357\134\102}{section.2.1}% 23
\BOOKMARK [2][-]{subsection.2.1.3}{\376\377\0002\000.\0001\000.\0003\000\040\154\140\123\026\134\102}{section.2.1}% 24
\BOOKMARK [2][-]{subsection.2.1.4}{\376\377\0002\000.\0001\000.\0004\000\040\137\122\116\000\123\026\134\102}{section.2.1}% 25
\BOOKMARK [2][-]{subsection.2.1.5}{\376\377\0002\000.\0001\000.\0005\000\040\157\300\155\073\134\102}{section.2.1}% 26
\BOOKMARK [2][-]{subsection.2.1.6}{\376\377\0002\000.\0001\000.\0006\000\040\000L\000S\000T\000M}{section.2.1}% 27
\BOOKMARK [2][-]{subsection.2.1.7}{\376\377\0002\000.\0001\000.\0007\000\040\000G\000R\000U}{section.2.1}% 28
\BOOKMARK [1][-]{section.2.2}{\376\377\0002\000.\0002\000\040\171\136\176\317\177\121\176\334\152\041\127\213\166\204\117\116\200\375\200\027\117\030\123\026\142\200\147\057}{chapter.2}% 29
\BOOKMARK [2][-]{subsection.2.2.1}{\376\377\0002\000.\0002\000.\0001\000\040\171\136\176\317\177\121\176\334\166\204\117\116\174\276\136\246\213\241\173\227}{section.2.2}% 30
\BOOKMARK [2][-]{subsection.2.2.2}{\376\377\0002\000.\0002\000.\0002\000\040\171\136\176\317\177\121\176\334\210\301\122\152\142\200\147\057}{section.2.2}% 31
\BOOKMARK [2][-]{subsection.2.2.3}{\376\377\0002\000.\0002\000.\0003\000\040\147\103\120\074\167\351\226\065\123\330\143\142}{section.2.2}% 32
\BOOKMARK [1][-]{section.2.3}{\376\377\0002\000.\0003\000\040\171\136\176\317\177\121\176\334\122\240\220\037\126\150}{chapter.2}% 33
\BOOKMARK [2][-]{subsection.2.3.1}{\376\377\0002\000.\0003\000.\0001\000\040\163\260\147\011\171\136\176\317\177\121\176\334\122\240\220\037\126\150\147\266\147\204}{section.2.3}% 34
\BOOKMARK [2][-]{subsection.2.3.2}{\376\377\0002\000.\0003\000.\0002\000\040\127\372\116\216\124\021\221\317\173\227\133\120\166\204\171\136\176\317\177\121\176\334\131\004\164\006\126\150}{section.2.3}% 35
\BOOKMARK [2][-]{subsection.2.3.3}{\376\377\0002\000.\0003\000.\0003\000\040\127\372\116\216\116\130\122\240\173\227\133\120\172\172\225\364\145\160\143\156\155\101\166\204\171\136\176\317\177\121\176\334\131\004\164\006\126\150}{section.2.3}% 36
\BOOKMARK [2][-]{subsection.2.3.4}{\376\377\0002\000.\0003\000.\0004\000\040\172\000\165\217\171\136\176\317\177\121\176\334\131\004\164\006\126\150}{section.2.3}% 37
\BOOKMARK [1][-]{section.2.4}{\376\377\0002\000.\0004\000\040\147\054\172\340\134\017\176\323}{chapter.2}% 38
\BOOKMARK [0][]{chapter.3}{\376\377\173\054\0003\172\340\000\040\000\040\116\000\171\315\145\260\166\204\171\136\176\317\177\121\176\334\123\213\177\051\145\271\154\325}{}% 39
\BOOKMARK [1][-]{section.3.1}{\376\377\0003\000.\0001\000\040\200\314\146\157\124\214\122\250\147\072}{chapter.3}% 40
\BOOKMARK [2][-]{subsection.3.1.1}{\376\377\0003\000.\0001\000.\0001\000\040\172\000\165\217\171\136\176\317\177\121\176\334}{section.3.1}% 41
\BOOKMARK [2][-]{subsection.3.1.2}{\376\377\0003\000.\0001\000.\0002\000\040\147\103\120\074\177\026\170\001}{section.3.1}% 42
\BOOKMARK [2][-]{subsection.3.1.3}{\376\377\0003\000.\0001\000.\0003\000\040\116\015\211\304\122\031\140\047}{section.3.1}% 43
\BOOKMARK [1][-]{section.3.2}{\376\377\0003\000.\0002\000\040\134\100\220\350\145\066\145\133}{chapter.3}% 44
\BOOKMARK [1][-]{section.3.3}{\376\377\0003\000.\0003\000\040\123\213\177\051\171\136\176\317\177\121\176\334}{chapter.3}% 45
\BOOKMARK [2][-]{subsection.3.3.1}{\376\377\0003\000.\0003\000.\0001\000\040\174\227\174\222\136\246\122\152\147\235}{section.3.3}% 46
\BOOKMARK [2][-]{subsection.3.3.2}{\376\377\0003\000.\0003\000.\0002\000\040\134\100\220\350\221\317\123\026}{section.3.3}% 47
\BOOKMARK [2][-]{subsection.3.3.3}{\376\377\0003\000.\0003\000.\0003\000\040\161\265\177\026\170\001}{section.3.3}% 48
\BOOKMARK [1][-]{section.3.4}{\376\377\0003\000.\0004\000\040\123\213\177\051\133\236\232\214\176\323\147\234}{chapter.3}% 49
\BOOKMARK [2][-]{subsection.3.4.1}{\376\377\0003\000.\0004\000.\0001\000\040\123\213\177\051\153\324}{section.3.4}% 50
\BOOKMARK [2][-]{subsection.3.4.2}{\376\377\0003\000.\0004\000.\0002\000\040\174\276\136\246}{section.3.4}% 51
\BOOKMARK [2][-]{subsection.3.4.3}{\376\377\0003\000.\0004\000.\0003\000\040\116\015\211\304\122\031\136\246}{section.3.4}% 52
\BOOKMARK [2][-]{subsection.3.4.4}{\376\377\0003\000.\0004\000.\0004\000\040\000A\000l\000e\000x\000N\000e\000t\177\121\176\334\213\346\176\306\123\213\177\051\162\171\140\047}{section.3.4}% 53
\BOOKMARK [1][-]{section.3.5}{\376\377\0003\000.\0005\000\040\147\054\172\340\134\017\176\323}{chapter.3}% 54
\BOOKMARK [0][]{chapter.4}{\376\377\173\054\0004\172\340\000\040\000\040\174\227\174\222\136\246\172\000\165\217\171\136\176\317\177\121\176\334\122\240\220\037\126\150}{}% 55
\BOOKMARK [1][-]{section.4.1}{\376\377\0004\000.\0001\000\040\213\276\213\241\123\237\122\031}{chapter.4}% 56
\BOOKMARK [1][-]{section.4.2}{\376\377\0004\000.\0002\000\040\000C\000a\000m\000b\000r\000i\000c\000o\000n\000-\000S\166\204\147\266\147\204}{chapter.4}% 57
\BOOKMARK [2][-]{subsection.4.2.1}{\376\377\0004\000.\0002\000.\0001\000\040\172\000\165\217\131\004\164\006}{section.4.2}% 58
\BOOKMARK [2][-]{subsection.4.2.2}{\376\377\0004\000.\0002\000.\0002\000\040\133\130\120\250\152\041\127\127}{section.4.2}% 59
\BOOKMARK [2][-]{subsection.4.2.3}{\376\377\0004\000.\0002\000.\0003\000\040\143\247\122\066}{section.4.2}% 60
\BOOKMARK [2][-]{subsection.4.2.4}{\376\377\0004\000.\0002\000.\0004\000\040\162\107\116\012\116\222\200\124}{section.4.2}% 61
\BOOKMARK [1][-]{section.4.3}{\376\377\0004\000.\0003\000\040\177\026\172\013\152\041\127\213}{chapter.4}% 62
\BOOKMARK [2][-]{subsection.4.3.1}{\376\377\0004\000.\0003\000.\0001\000\040\127\372\116\216\136\223\166\204\177\026\172\013\152\041\127\213}{section.4.3}% 63
\BOOKMARK [2][-]{subsection.4.3.2}{\376\377\0004\000.\0003\000.\0002\000\040\177\026\213\321\126\150}{section.4.3}% 64
\BOOKMARK [2][-]{subsection.4.3.3}{\376\377\0004\000.\0003\000.\0003\000\040\137\252\163\257\122\006\127\127}{section.4.3}% 65
\BOOKMARK [1][-]{section.4.4}{\376\377\0004\000.\0004\000\040\147\054\172\340\134\017\176\323}{chapter.4}% 66
\BOOKMARK [0][]{chapter.5}{\376\377\173\054\0005\172\340\000\040\000\040\224\210\133\371\145\260\127\213\122\240\220\037\126\150\166\204\140\047\200\375\152\041\142\337\126\150}{}% 67
\BOOKMARK [1][-]{section.5.1}{\376\377\0005\000.\0001\000\040\200\314\146\157}{chapter.5}% 68
\BOOKMARK [1][-]{section.5.2}{\376\377\0005\000.\0002\000\040\117\030\123\026\166\204\152\041\142\337\126\150}{chapter.5}% 69
\BOOKMARK [2][-]{subsection.5.2.1}{\376\377\0005\000.\0002\000.\0001\000\040\122\240\220\037\126\150\166\204\232\330\134\102\153\041\142\275\214\141}{section.5.2}% 70
\BOOKMARK [2][-]{subsection.5.2.2}{\376\377\0005\000.\0002\000.\0002\000\040\116\213\116\366\122\006\174\173}{section.5.2}% 71
\BOOKMARK [2][-]{subsection.5.2.3}{\376\377\0005\000.\0002\000.\0003\000\040\116\213\116\366\142\147\210\114\145\366\225\364}{section.5.2}% 72
\BOOKMARK [2][-]{subsection.5.2.4}{\376\377\0005\000.\0002\000.\0004\000\040\116\213\116\366\166\204\117\235\215\126\121\163\174\373}{section.5.2}% 73
\BOOKMARK [2][-]{subsection.5.2.5}{\376\377\0005\000.\0002\000.\0005\000\040\000S\000i\000m\000u\000l\000a\000t\000o\000r\000-\000O\142\147\210\114\217\307\172\013}{section.5.2}% 74
\BOOKMARK [1][-]{section.5.3}{\376\377\0005\000.\0003\000\040\000S\000i\000m\000u\000l\000a\000t\000o\000r\000-\000O\166\204\140\047\200\375\124\214\121\306\170\156\136\246}{chapter.5}% 75
\BOOKMARK [1][-]{section.5.4}{\376\377\0005\000.\0004\000\040\147\054\172\340\134\017\176\323}{chapter.5}% 76
\BOOKMARK [0][]{chapter.6}{\376\377\173\054\0006\172\340\000\040\000\040\133\236\232\214\145\271\154\325\124\214\133\236\232\214\176\323\147\234}{}% 77
\BOOKMARK [1][-]{section.6.1}{\376\377\0006\000.\0001\000\040\133\236\232\214\145\271\154\325}{chapter.6}% 78
\BOOKMARK [2][-]{subsection.6.1.1}{\376\377\0006\000.\0001\000.\0001\000\040\000B\000a\000s\000e\000l\000i\000n\000e}{section.6.1}% 79
\BOOKMARK [2][-]{subsection.6.1.2}{\376\377\0006\000.\0001\000.\0002\000\040\000B\000e\000n\000c\000h\000m\000a\000r\000k}{section.6.1}% 80
\BOOKMARK [1][-]{section.6.2}{\376\377\0006\000.\0002\000\040\133\236\232\214\176\323\147\234}{chapter.6}% 81
\BOOKMARK [2][-]{subsection.6.2.1}{\376\377\0006\000.\0002\000.\0001\000\040\170\154\116\366\134\136\140\047}{section.6.2}% 82
\BOOKMARK [2][-]{subsection.6.2.2}{\376\377\0006\000.\0002\000.\0002\000\040\140\047\200\375}{section.6.2}% 83
\BOOKMARK [2][-]{subsection.6.2.3}{\376\377\0006\000.\0002\000.\0003\000\040\200\375\200\027}{section.6.2}% 84
\BOOKMARK [1][-]{section.6.3}{\376\377\0006\000.\0003\000\040\213\250\213\272}{chapter.6}% 85
\BOOKMARK [2][-]{subsection.6.3.1}{\376\377\0006\000.\0003\000.\0001\000\040\161\265\177\026\170\001\124\214\161\265\211\343\170\001\152\041\127\127}{section.6.3}% 86
\BOOKMARK [2][-]{subsection.6.3.2}{\376\377\0006\000.\0003\000.\0002\000\040\172\000\165\217\136\246\116\016\140\047\200\375}{section.6.3}% 87
\BOOKMARK [2][-]{subsection.6.3.3}{\376\377\0006\000.\0003\000.\0003\000\040\121\317\134\021\166\204\116\015\211\304\122\031\136\246}{section.6.3}% 88
\BOOKMARK [2][-]{subsection.6.3.4}{\376\377\0006\000.\0003\000.\0004\000\040\174\173\117\074\174\227\174\222\136\246\172\000\165\217\166\204\145\271\154\325}{section.6.3}% 89
\BOOKMARK [2][-]{subsection.6.3.5}{\376\377\0006\000.\0003\000.\0005\000\040\121\166\116\326\172\000\165\217\171\136\176\317\177\121\176\334\122\240\220\037\126\150}{section.6.3}% 90
\BOOKMARK [1][-]{section.6.4}{\376\377\0006\000.\0004\000\040\147\054\172\340\134\017\176\323}{chapter.6}% 91
\BOOKMARK [0][]{chapter.7}{\376\377\173\054\0007\172\340\000\040\000\040\140\073\176\323\124\214\134\125\147\033}{}% 92
\BOOKMARK [1][-]{section.7.1}{\376\377\0007\000.\0001\000\040\147\054\145\207\135\345\117\134\140\073\176\323}{chapter.7}% 93
\BOOKMARK [1][-]{section.7.2}{\376\377\0007\000.\0002\000\040\147\052\147\145\170\024\172\166\134\125\147\033}{chapter.7}% 94
\BOOKMARK [0][]{chapter*.59}{\376\377\123\302\200\003\145\207\163\056}{}% 95
\BOOKMARK [0][]{chapter*.60}{\376\377\201\364\214\042}{}% 96
\BOOKMARK [0][]{chapter*.61}{\376\377\127\050\213\373\147\037\225\364\123\321\210\150\166\204\133\146\147\057\213\272\145\207\116\016\123\326\137\227\166\204\170\024\172\166\142\020\147\234}{}% 97
